2020-07-29 15:59:03,183  INFO [main] SharedSD:20 - ***************************
2020-07-29 15:59:03,187  INFO [main] SharedSD:21 - Test is starting.......!
2020-07-29 15:59:06,187 DEBUG [main] RequestAddCookies:123 - CookieSpec selected: standard
2020-07-29 15:59:06,198 DEBUG [main] RequestAuthCache:77 - Auth cache not set in the context
2020-07-29 15:59:06,200 DEBUG [main] PoolingHttpClientConnectionManager:265 - Connection request: [route: {s}->https://raw.githubusercontent.com:443][total kept alive: 0; route allocated: 0 of 2; total allocated: 0 of 20]
2020-07-29 15:59:06,229 DEBUG [main] PoolingHttpClientConnectionManager:309 - Connection leased: [id: 0][route: {s}->https://raw.githubusercontent.com:443][total kept alive: 0; route allocated: 1 of 2; total allocated: 1 of 20]
2020-07-29 15:59:06,232 DEBUG [main] MainClientExec:235 - Opening connection {s}->https://raw.githubusercontent.com:443
2020-07-29 15:59:06,291 DEBUG [main] DefaultHttpClientConnectionOperator:139 - Connecting to raw.githubusercontent.com/151.101.48.133:443
2020-07-29 15:59:06,292 DEBUG [main] SSLConnectionSocketFactory:337 - Connecting socket to raw.githubusercontent.com/151.101.48.133:443 with timeout 0
2020-07-29 15:59:06,362 DEBUG [main] SSLConnectionSocketFactory:390 - Enabled protocols: [TLSv1, TLSv1.1, TLSv1.2]
2020-07-29 15:59:06,362 DEBUG [main] SSLConnectionSocketFactory:391 - Enabled cipher suites:[TLS_ECDHE_ECDSA_WITH_AES_256_CBC_SHA384, TLS_ECDHE_RSA_WITH_AES_256_CBC_SHA384, TLS_RSA_WITH_AES_256_CBC_SHA256, TLS_ECDH_ECDSA_WITH_AES_256_CBC_SHA384, TLS_ECDH_RSA_WITH_AES_256_CBC_SHA384, TLS_DHE_RSA_WITH_AES_256_CBC_SHA256, TLS_DHE_DSS_WITH_AES_256_CBC_SHA256, TLS_ECDHE_ECDSA_WITH_AES_256_CBC_SHA, TLS_ECDHE_RSA_WITH_AES_256_CBC_SHA, TLS_RSA_WITH_AES_256_CBC_SHA, TLS_ECDH_ECDSA_WITH_AES_256_CBC_SHA, TLS_ECDH_RSA_WITH_AES_256_CBC_SHA, TLS_DHE_RSA_WITH_AES_256_CBC_SHA, TLS_DHE_DSS_WITH_AES_256_CBC_SHA, TLS_ECDHE_ECDSA_WITH_AES_128_CBC_SHA256, TLS_ECDHE_RSA_WITH_AES_128_CBC_SHA256, TLS_RSA_WITH_AES_128_CBC_SHA256, TLS_ECDH_ECDSA_WITH_AES_128_CBC_SHA256, TLS_ECDH_RSA_WITH_AES_128_CBC_SHA256, TLS_DHE_RSA_WITH_AES_128_CBC_SHA256, TLS_DHE_DSS_WITH_AES_128_CBC_SHA256, TLS_ECDHE_ECDSA_WITH_AES_128_CBC_SHA, TLS_ECDHE_RSA_WITH_AES_128_CBC_SHA, TLS_RSA_WITH_AES_128_CBC_SHA, TLS_ECDH_ECDSA_WITH_AES_128_CBC_SHA, TLS_ECDH_RSA_WITH_AES_128_CBC_SHA, TLS_DHE_RSA_WITH_AES_128_CBC_SHA, TLS_DHE_DSS_WITH_AES_128_CBC_SHA, TLS_ECDHE_ECDSA_WITH_AES_256_GCM_SHA384, TLS_ECDHE_ECDSA_WITH_AES_128_GCM_SHA256, TLS_ECDHE_RSA_WITH_AES_256_GCM_SHA384, TLS_RSA_WITH_AES_256_GCM_SHA384, TLS_ECDH_ECDSA_WITH_AES_256_GCM_SHA384, TLS_ECDH_RSA_WITH_AES_256_GCM_SHA384, TLS_DHE_RSA_WITH_AES_256_GCM_SHA384, TLS_DHE_DSS_WITH_AES_256_GCM_SHA384, TLS_ECDHE_RSA_WITH_AES_128_GCM_SHA256, TLS_RSA_WITH_AES_128_GCM_SHA256, TLS_ECDH_ECDSA_WITH_AES_128_GCM_SHA256, TLS_ECDH_RSA_WITH_AES_128_GCM_SHA256, TLS_DHE_RSA_WITH_AES_128_GCM_SHA256, TLS_DHE_DSS_WITH_AES_128_GCM_SHA256, TLS_EMPTY_RENEGOTIATION_INFO_SCSV]
2020-07-29 15:59:06,362 DEBUG [main] SSLConnectionSocketFactory:395 - Starting handshake
2020-07-29 15:59:06,453 DEBUG [main] SSLConnectionSocketFactory:425 - Secure session established
2020-07-29 15:59:06,453 DEBUG [main] SSLConnectionSocketFactory:426 -  negotiated protocol: TLSv1.2
2020-07-29 15:59:06,453 DEBUG [main] SSLConnectionSocketFactory:427 -  negotiated cipher suite: TLS_ECDHE_RSA_WITH_AES_128_GCM_SHA256
2020-07-29 15:59:06,454 DEBUG [main] SSLConnectionSocketFactory:435 -  peer principal: CN=www.github.com, O="GitHub, Inc.", L=San Francisco, ST=California, C=US
2020-07-29 15:59:06,455 DEBUG [main] SSLConnectionSocketFactory:444 -  peer alternative names: [www.github.com, *.github.com, github.com, *.github.io, github.io, *.githubusercontent.com, githubusercontent.com]
2020-07-29 15:59:06,455 DEBUG [main] SSLConnectionSocketFactory:448 -  issuer principal: CN=DigiCert SHA2 High Assurance Server CA, OU=www.digicert.com, O=DigiCert Inc, C=US
2020-07-29 15:59:06,457 DEBUG [main] DefaultHttpClientConnectionOperator:146 - Connection established 192.168.1.5:65225<->151.101.48.133:443
2020-07-29 15:59:06,458 DEBUG [main] DefaultManagedHttpClientConnection:88 - http-outgoing-0: set socket timeout to 30000
2020-07-29 15:59:06,458 DEBUG [main] MainClientExec:256 - Executing request GET /bonigarcia/webdrivermanager/master/src/main/resources/versions.properties HTTP/1.1
2020-07-29 15:59:06,458 DEBUG [main] MainClientExec:261 - Target auth state: UNCHALLENGED
2020-07-29 15:59:06,459 DEBUG [main] MainClientExec:267 - Proxy auth state: UNCHALLENGED
2020-07-29 15:59:06,461 DEBUG [main] headers:133 - http-outgoing-0 >> GET /bonigarcia/webdrivermanager/master/src/main/resources/versions.properties HTTP/1.1
2020-07-29 15:59:06,461 DEBUG [main] headers:136 - http-outgoing-0 >> User-Agent: Apache-HttpClient/4.5.6
2020-07-29 15:59:06,461 DEBUG [main] headers:136 - http-outgoing-0 >> Connection: keep-alive
2020-07-29 15:59:06,461 DEBUG [main] headers:136 - http-outgoing-0 >> Host: raw.githubusercontent.com
2020-07-29 15:59:06,462 DEBUG [main] headers:136 - http-outgoing-0 >> Accept-Encoding: gzip,deflate
2020-07-29 15:59:06,462 DEBUG [main] wire:73 - http-outgoing-0 >> "GET /bonigarcia/webdrivermanager/master/src/main/resources/versions.properties HTTP/1.1[\r][\n]"
2020-07-29 15:59:06,462 DEBUG [main] wire:73 - http-outgoing-0 >> "User-Agent: Apache-HttpClient/4.5.6[\r][\n]"
2020-07-29 15:59:06,462 DEBUG [main] wire:73 - http-outgoing-0 >> "Connection: keep-alive[\r][\n]"
2020-07-29 15:59:06,463 DEBUG [main] wire:73 - http-outgoing-0 >> "Host: raw.githubusercontent.com[\r][\n]"
2020-07-29 15:59:06,463 DEBUG [main] wire:73 - http-outgoing-0 >> "Accept-Encoding: gzip,deflate[\r][\n]"
2020-07-29 15:59:06,463 DEBUG [main] wire:73 - http-outgoing-0 >> "[\r][\n]"
2020-07-29 15:59:06,868 DEBUG [main] wire:73 - http-outgoing-0 << "HTTP/1.1 200 OK[\r][\n]"
2020-07-29 15:59:06,869 DEBUG [main] wire:73 - http-outgoing-0 << "Connection: keep-alive[\r][\n]"
2020-07-29 15:59:06,870 DEBUG [main] wire:73 - http-outgoing-0 << "Content-Length: 814[\r][\n]"
2020-07-29 15:59:06,870 DEBUG [main] wire:73 - http-outgoing-0 << "Cache-Control: max-age=300[\r][\n]"
2020-07-29 15:59:06,872 DEBUG [main] wire:73 - http-outgoing-0 << "Content-Security-Policy: default-src 'none'; style-src 'unsafe-inline'; sandbox[\r][\n]"
2020-07-29 15:59:06,873 DEBUG [main] wire:73 - http-outgoing-0 << "Content-Type: text/plain; charset=utf-8[\r][\n]"
2020-07-29 15:59:06,873 DEBUG [main] wire:73 - http-outgoing-0 << "ETag: W/"70d225106d19d8c8c53da247fd7fc06e70985cf2a185e7d011c90e0e74d7a345"[\r][\n]"
2020-07-29 15:59:06,874 DEBUG [main] wire:73 - http-outgoing-0 << "Strict-Transport-Security: max-age=31536000[\r][\n]"
2020-07-29 15:59:06,874 DEBUG [main] wire:73 - http-outgoing-0 << "X-Content-Type-Options: nosniff[\r][\n]"
2020-07-29 15:59:06,874 DEBUG [main] wire:73 - http-outgoing-0 << "X-Frame-Options: deny[\r][\n]"
2020-07-29 15:59:06,874 DEBUG [main] wire:73 - http-outgoing-0 << "X-XSS-Protection: 1; mode=block[\r][\n]"
2020-07-29 15:59:06,875 DEBUG [main] wire:73 - http-outgoing-0 << "Via: 1.1 varnish (Varnish/6.0)[\r][\n]"
2020-07-29 15:59:06,875 DEBUG [main] wire:73 - http-outgoing-0 << "X-GitHub-Request-Id: F35A:6554:1FCBE1:254C81:5F21E13A[\r][\n]"
2020-07-29 15:59:06,875 DEBUG [main] wire:73 - http-outgoing-0 << "Content-Encoding: gzip[\r][\n]"
2020-07-29 15:59:06,875 DEBUG [main] wire:73 - http-outgoing-0 << "Accept-Ranges: bytes[\r][\n]"
2020-07-29 15:59:06,876 DEBUG [main] wire:73 - http-outgoing-0 << "Date: Wed, 29 Jul 2020 21:03:48 GMT[\r][\n]"
2020-07-29 15:59:06,876 DEBUG [main] wire:73 - http-outgoing-0 << "Via: 1.1 varnish[\r][\n]"
2020-07-29 15:59:06,876 DEBUG [main] wire:73 - http-outgoing-0 << "X-Served-By: cache-dfw18660-DFW[\r][\n]"
2020-07-29 15:59:06,876 DEBUG [main] wire:73 - http-outgoing-0 << "X-Cache: HIT, HIT[\r][\n]"
2020-07-29 15:59:06,876 DEBUG [main] wire:73 - http-outgoing-0 << "X-Cache-Hits: 8, 1[\r][\n]"
2020-07-29 15:59:06,877 DEBUG [main] wire:73 - http-outgoing-0 << "X-Timer: S1596056628.350416,VS0,VE261[\r][\n]"
2020-07-29 15:59:06,877 DEBUG [main] wire:73 - http-outgoing-0 << "Vary: Authorization,Accept-Encoding[\r][\n]"
2020-07-29 15:59:06,877 DEBUG [main] wire:73 - http-outgoing-0 << "Access-Control-Allow-Origin: *[\r][\n]"
2020-07-29 15:59:06,877 DEBUG [main] wire:73 - http-outgoing-0 << "X-Fastly-Request-ID: b4217b56cb2f8f4a002284f78d14b9229ce64f28[\r][\n]"
2020-07-29 15:59:06,877 DEBUG [main] wire:73 - http-outgoing-0 << "Expires: Wed, 29 Jul 2020 21:08:48 GMT[\r][\n]"
2020-07-29 15:59:06,878 DEBUG [main] wire:73 - http-outgoing-0 << "Source-Age: 196[\r][\n]"
2020-07-29 15:59:06,878 DEBUG [main] wire:73 - http-outgoing-0 << "[\r][\n]"
2020-07-29 15:59:06,884 DEBUG [main] headers:122 - http-outgoing-0 << HTTP/1.1 200 OK
2020-07-29 15:59:06,884 DEBUG [main] headers:125 - http-outgoing-0 << Connection: keep-alive
2020-07-29 15:59:06,884 DEBUG [main] headers:125 - http-outgoing-0 << Content-Length: 814
2020-07-29 15:59:06,885 DEBUG [main] headers:125 - http-outgoing-0 << Cache-Control: max-age=300
2020-07-29 15:59:06,885 DEBUG [main] headers:125 - http-outgoing-0 << Content-Security-Policy: default-src 'none'; style-src 'unsafe-inline'; sandbox
2020-07-29 15:59:06,885 DEBUG [main] headers:125 - http-outgoing-0 << Content-Type: text/plain; charset=utf-8
2020-07-29 15:59:06,885 DEBUG [main] headers:125 - http-outgoing-0 << ETag: W/"70d225106d19d8c8c53da247fd7fc06e70985cf2a185e7d011c90e0e74d7a345"
2020-07-29 15:59:06,885 DEBUG [main] headers:125 - http-outgoing-0 << Strict-Transport-Security: max-age=31536000
2020-07-29 15:59:06,886 DEBUG [main] headers:125 - http-outgoing-0 << X-Content-Type-Options: nosniff
2020-07-29 15:59:06,886 DEBUG [main] headers:125 - http-outgoing-0 << X-Frame-Options: deny
2020-07-29 15:59:06,886 DEBUG [main] headers:125 - http-outgoing-0 << X-XSS-Protection: 1; mode=block
2020-07-29 15:59:06,886 DEBUG [main] headers:125 - http-outgoing-0 << Via: 1.1 varnish (Varnish/6.0)
2020-07-29 15:59:06,886 DEBUG [main] headers:125 - http-outgoing-0 << X-GitHub-Request-Id: F35A:6554:1FCBE1:254C81:5F21E13A
2020-07-29 15:59:06,886 DEBUG [main] headers:125 - http-outgoing-0 << Content-Encoding: gzip
2020-07-29 15:59:06,887 DEBUG [main] headers:125 - http-outgoing-0 << Accept-Ranges: bytes
2020-07-29 15:59:06,887 DEBUG [main] headers:125 - http-outgoing-0 << Date: Wed, 29 Jul 2020 21:03:48 GMT
2020-07-29 15:59:06,887 DEBUG [main] headers:125 - http-outgoing-0 << Via: 1.1 varnish
2020-07-29 15:59:06,887 DEBUG [main] headers:125 - http-outgoing-0 << X-Served-By: cache-dfw18660-DFW
2020-07-29 15:59:06,887 DEBUG [main] headers:125 - http-outgoing-0 << X-Cache: HIT, HIT
2020-07-29 15:59:06,887 DEBUG [main] headers:125 - http-outgoing-0 << X-Cache-Hits: 8, 1
2020-07-29 15:59:06,887 DEBUG [main] headers:125 - http-outgoing-0 << X-Timer: S1596056628.350416,VS0,VE261
2020-07-29 15:59:06,888 DEBUG [main] headers:125 - http-outgoing-0 << Vary: Authorization,Accept-Encoding
2020-07-29 15:59:06,888 DEBUG [main] headers:125 - http-outgoing-0 << Access-Control-Allow-Origin: *
2020-07-29 15:59:06,888 DEBUG [main] headers:125 - http-outgoing-0 << X-Fastly-Request-ID: b4217b56cb2f8f4a002284f78d14b9229ce64f28
2020-07-29 15:59:06,888 DEBUG [main] headers:125 - http-outgoing-0 << Expires: Wed, 29 Jul 2020 21:08:48 GMT
2020-07-29 15:59:06,888 DEBUG [main] headers:125 - http-outgoing-0 << Source-Age: 196
2020-07-29 15:59:06,896 DEBUG [main] MainClientExec:285 - Connection can be kept alive indefinitely
2020-07-29 15:59:06,906 DEBUG [main] wire:73 - http-outgoing-0 << "[0x1f][0x8b][0x8][0x0][0x0][0x0][0x0][0x0][0x0][0x3][0x8d][0x96][0xcb][0x8e][0xd3]0[0x14][0x86][0xf7]}[\n]"
2020-07-29 15:59:06,906 DEBUG [main] wire:73 - http-outgoing-0 << "Kl`1[0x8e][0xef]vF[0xf2][0x86][0xeb][\n]"
2020-07-29 15:59:06,907 DEBUG [main] wire:73 - http-outgoing-0 << "[0xb1][0x80][0x17]H[[0xb7][0x8d]H[0xe3][0xca][0xc9]P[0xe0][0xe9][0xf1]5[0xe3][0xb1]@b[0xd7][0xff][0x8b]}[0xfc]'>[0x97][0xbe][0x2][0xdf].[0xe3][0x2]N[0xe3]d[0xc0][0xc1][0xce][0xeb]0[0xce][0xb]X/[0x6]|[0x9f][0xed]}[0x6]?[0x8c][F[0xeb][0xd1][0xc9]:ptc[0xd0][0xe0][0xf5]~[0x9c][0x7][0xf7][0xeb][0x8d][0xdf]p[0xbd][\r][0xeb][0xb8][0xf7]{[0xef][0xe3]z[0x89][0xfb][0xe][0xd6]9[0xb3][0xdc][0xec]|[0x1c][0xe7]3[0xd8];{_[0x8c]+qv[0xbb]W[0xe0]mB[0x8f][0xe0][0x93][0xb5]g[0xbf][0xf3][0xdd][0xc5][0xd9][0xab][0x1][0xc3]|L?[0xc7][0xa7]+x[0x0][0xef][0xe3]Y[0x8f][0xe0][0x10][0x9f][0xa6][0x93][0xfd][0xe6][0xaf][0xf6][0xc9][0x1d][0xcc]#[0xb8][0xac][0xeb][0xed][0xb1][0xeb][0xea][0xa7][0xf0][0x90]wC[0xeb][0xce][0xdd][0xd1][0xbb][0x9f][0xec]p\vi[0x8d][0xe2]Zq[0x88] [0xc3][0x8a]B[0xaa][\n]"
2020-07-29 15:59:06,907 DEBUG [main] wire:73 - http-outgoing-0 << "eZ[0xb1]H[0x99][0x84][0x14][0x15]J[0xb5]_[0x14]([0xf2]k[0xfb]B[0xb1]V8P[0xc4][0x18][0xc4][0xcf]![0x90]V[0xc8]c[0xda]+[0x9]1[0x12][0x19][0xcb]^[0xcb]>b[0xc6]![0xdd][0xa8][0xd2]RE[0x8a]|[0xc][0xc4][0xb][0x96]Z[0xca][0x80][0x95][0xe0]>~[0xa1]BK[0x11])[0xea]!&[[0xc][0xae]ex[0x13]*%[0x82][0xf8]y5[0xd3][0x92]ELz[0xb8][0xad][0xa5]Z[0x86]7[0xa1][0xc2][0xbf][0x90]([0x96]%[0xd1][0x4][0xb2]m[\r]~[0xa1]PP[0xc5][0x98][0xe8][0x83]bE[0xa9][0xa0]HQ2(\[0x94][0x8][0xaa][0x98][0x11][0xdc][0xab][0xed][0x13][0x9][0x16][0x94],[0x8a][0x6]U[0xce][0x13][0xc1][0xb][0xdd][0xce][0xb]^[0xe8]v^[0xf0]B[0xe9][0x8b][0xa4][0xf9]l[0x8f][0xd3]4[0x80][0x8f][0xa3]3'[0xfb][0xb3][0xca][0x94][0xb3]9|[0xb7]M[0x94][0xc5]g[0xca][0xd9][0xe7][0xe7][0xd3][0x1e][0xfa][0x8c][0xed][0xae])DWm[0xe8][0x9c][0x99][0xcc][0xb0][0x98]ewJq[0xfd][0xf5]!H[0xfc][0x9d]l@[0x5] * [ Z[0xc0][[0xc0]Z@[@Z[0x80][[0x80][0x1a] [0xfa][0x16]D[0xa7][0xbc][0x2][0xd1])[0xab][0x80]h[0x1]oAtJ+@[[0x10][0x9d][0x92][\n]"
2020-07-29 15:59:06,907 DEBUG [main] wire:73 - http-outgoing-0 << "D[0xa7][0xb8][0x2][0xa8][0x1][0xbc]o[0x81]j[0x81]lAt[0x8a]*[0xc0][0xb][0xa8][0x93][0xe2][0xcb][0xcd][0xb8][0xa1]J[0x5][0x1b][0xf4][0xff][0xa4]B\[0xb8][0xd8][0xd3]z[0x1f][0x9c]I[0xaa]t[0x91]61[0xe2]C[0xff][0xf5][0x9f][0xfb][0x85][0xea][0x13][0xf4]7[0xf0][0xdc].z[0x99][0xa1][0xaa][0xbb][0x5][0xa6][0x99][0xca][0x17][0xcd][0x2]e*[0xaa]^!KT^[0xb5][\n]"
2020-07-29 15:59:06,907 DEBUG [main] wire:73 - http-outgoing-0 << "U[0xa2][0xb2][0xaa]Q`R[0xf6][0xd3][0xba]QP[0x92])[0xa9][0xfb][0xc4]vV[0xae][0xef](x_[0x8b]\[0xdd]I[0xe4][0xe2]N"[0xd7]v[0x12][0xb9][0xb4][0x93][0xc8][0x95][0x9d]D.[0xec]$r]'[0x81]S!'[0x81]*[0xc1][0x82][0x83][0xe2][0x98][0x5][0x7]4[0x9f][0xc3][0x82][0x3][0x92]?[0x6][0x13]I[0xbc][0xe8][0x4][0xe3][0xc1][0xd9]pw[0xe0][0xc3][0xf1]l[0xaa][0xdb][0xbf].[0xc6][0x83]^[0xff][0xd1][0xfc]0S[0x88][\n]"
2020-07-29 15:59:06,907 DEBUG [main] wire:87 - http-outgoing-0 << "[0xaf]%B[0xcc][0x5]3?<-[0xdd][0xc6][0x1e]B[0x90]n[0xb5]vZ[0xba][0xbb][0xd9][0xe7]t[0xd8][0x5][0xaa][0x84]V[0xe1]{[0xf3][0xd0][[0x13][0xc9][0xd3][0x85][0xb]VH[0x9e],[0x9c]l[0xa4]L[0x15][0xad]\%D[0xb4]"[0x1]qo[0x89][0x94]![0x83][0x5][0x94]2[0xa1]2`[0x4][0xf6][0x89][0x94][0x96]m[0xd3][0x5][0x17][0x7]e[0xb2][0x90][0x90][0x1f][0x89][0xe4][0xa1]B[0xe8]F[0xf2]@[0x9]#0[0x93]<K0[0xed]}UE[0xc4][0x98][0xbe]9[0xf3][0xe0][0xff][0x6][0xac][0xc3]4[0x99]c[0x82]D[0xb][0x88]%[0xf6][0xad]9J[0xac]}[0xfa][0x9][0xd2][0xf7]I"[0xed]s[0x9c]#A[0xa3][0xa4]JS?[0x98]h[0x9f]$[0x9][0x9][0xe3]g[0x9d][0x12]I"[0xed][0xdf][0x3][0x11][0x9f]O[0x0],[0xd4]{m|[0x8][0x0][0x0]"
2020-07-29 15:59:06,908 DEBUG [main] PoolingHttpClientConnectionManager:341 - Connection [id: 0][route: {s}->https://raw.githubusercontent.com:443] can be kept alive indefinitely
2020-07-29 15:59:06,908 DEBUG [main] DefaultManagedHttpClientConnection:88 - http-outgoing-0: set socket timeout to 0
2020-07-29 15:59:06,909 DEBUG [main] PoolingHttpClientConnectionManager:348 - Connection released: [id: 0][route: {s}->https://raw.githubusercontent.com:443][total kept alive: 1; route allocated: 1 of 2; total allocated: 1 of 20]
2020-07-29 15:59:11,645 ERROR [main] SharedSD:29 - Test Failed
2020-07-29 15:59:12,707  INFO [main] SharedSD:37 - *******************
2020-07-29 16:04:41,266  INFO [main] SharedSD:20 - ***************************
2020-07-29 16:04:41,270  INFO [main] SharedSD:21 - Test is starting.......!
2020-07-29 16:04:44,385 ERROR [main] SharedSD:29 - Test Failed
2020-07-29 16:04:45,382  INFO [main] SharedSD:37 - *******************
2020-07-29 16:09:05,993  INFO [main] SharedSD:20 - ***************************
2020-07-29 16:09:05,997  INFO [main] SharedSD:21 - Test is starting.......!
2020-07-29 16:09:08,755 ERROR [main] SharedSD:29 - Test Failed
2020-07-29 16:09:09,771  INFO [main] SharedSD:37 - *******************
2020-07-29 16:17:37,303  INFO [main] SharedSD:20 - ***************************
2020-07-29 16:17:37,307  INFO [main] SharedSD:21 - Test is starting.......!
2020-07-29 16:17:40,395  INFO [main] SharedSD:34 - Cleanup...!
2020-07-29 16:17:40,397  INFO [main] SharedSD:35 - Test was completed
2020-07-29 16:17:40,398  INFO [main] SharedSD:37 - *******************
2020-07-29 16:23:55,174  INFO [main] SharedSD:20 - ***************************
2020-07-29 16:23:55,178  INFO [main] SharedSD:21 - Test is starting.......!
2020-07-29 16:23:58,217  INFO [main] SharedSD:34 - Cleanup...!
2020-07-29 16:23:58,217  INFO [main] SharedSD:35 - Test was completed
2020-07-29 16:23:58,221  INFO [main] SharedSD:37 - *******************
2020-07-29 22:34:23,885  INFO [main] SharedSD:20 - ***************************
2020-07-29 22:34:23,889  INFO [main] SharedSD:21 - Test is starting.......!
2020-07-29 22:34:34,974 ERROR [main] SharedSD:29 - Test Failed
2020-07-29 22:34:35,800  INFO [main] SharedSD:37 - *******************
2020-07-29 22:36:13,042  INFO [main] SharedSD:20 - ***************************
2020-07-29 22:36:13,045  INFO [main] SharedSD:21 - Test is starting.......!
2020-07-29 22:36:22,821 ERROR [main] SharedSD:29 - Test Failed
2020-07-29 22:36:23,594  INFO [main] SharedSD:37 - *******************
2020-07-29 22:37:32,293  INFO [main] SharedSD:20 - ***************************
2020-07-29 22:37:32,297  INFO [main] SharedSD:21 - Test is starting.......!
2020-07-29 22:37:42,460  INFO [main] SharedSD:34 - Cleanup...!
2020-07-29 22:37:42,460  INFO [main] SharedSD:35 - Test was completed
2020-07-29 22:37:42,461  INFO [main] SharedSD:37 - *******************
2020-08-06 19:13:27,022  INFO [main] SharedSD:20 - ***************************
2020-08-06 19:13:27,028  INFO [main] SharedSD:21 - Test is starting.......!
2020-08-06 19:13:37,434 DEBUG [main] BooleanConverter:336 - Setting default value: false
2020-08-06 19:13:37,434 DEBUG [main] BooleanConverter:127 - Converting 'Boolean' value 'false' to type 'Boolean'
2020-08-06 19:13:37,435 DEBUG [main] BooleanConverter:149 -     No conversion required, value is already a Boolean
2020-08-06 19:13:37,438 DEBUG [main] ByteConverter:336 - Setting default value: 0
2020-08-06 19:13:37,439 DEBUG [main] ByteConverter:127 - Converting 'Integer' value '0' to type 'Byte'
2020-08-06 19:13:37,439 DEBUG [main] ByteConverter:158 -     Converted to Byte value '0'
2020-08-06 19:13:37,440 DEBUG [main] CharacterConverter:336 - Setting default value:  
2020-08-06 19:13:37,440 DEBUG [main] CharacterConverter:127 - Converting 'Character' value ' ' to type 'Character'
2020-08-06 19:13:37,440 DEBUG [main] CharacterConverter:149 -     No conversion required, value is already a Character
2020-08-06 19:13:37,441 DEBUG [main] DoubleConverter:336 - Setting default value: 0
2020-08-06 19:13:37,441 DEBUG [main] DoubleConverter:127 - Converting 'Integer' value '0' to type 'Double'
2020-08-06 19:13:37,441 DEBUG [main] DoubleConverter:158 -     Converted to Double value '0.0'
2020-08-06 19:13:37,442 DEBUG [main] FloatConverter:336 - Setting default value: 0
2020-08-06 19:13:37,442 DEBUG [main] FloatConverter:127 - Converting 'Integer' value '0' to type 'Float'
2020-08-06 19:13:37,443 DEBUG [main] FloatConverter:158 -     Converted to Float value '0.0'
2020-08-06 19:13:37,444 DEBUG [main] IntegerConverter:336 - Setting default value: 0
2020-08-06 19:13:37,445 DEBUG [main] IntegerConverter:127 - Converting 'Integer' value '0' to type 'Integer'
2020-08-06 19:13:37,445 DEBUG [main] IntegerConverter:149 -     No conversion required, value is already a Integer
2020-08-06 19:13:37,446 DEBUG [main] LongConverter:336 - Setting default value: 0
2020-08-06 19:13:37,446 DEBUG [main] LongConverter:127 - Converting 'Integer' value '0' to type 'Long'
2020-08-06 19:13:37,447 DEBUG [main] LongConverter:158 -     Converted to Long value '0'
2020-08-06 19:13:37,447 DEBUG [main] ShortConverter:336 - Setting default value: 0
2020-08-06 19:13:37,448 DEBUG [main] ShortConverter:127 - Converting 'Integer' value '0' to type 'Short'
2020-08-06 19:13:37,448 DEBUG [main] ShortConverter:158 -     Converted to Short value '0'
2020-08-06 19:13:37,449 DEBUG [main] BigDecimalConverter:336 - Setting default value: 0.0
2020-08-06 19:13:37,449 DEBUG [main] BigDecimalConverter:127 - Converting 'BigDecimal' value '0.0' to type 'BigDecimal'
2020-08-06 19:13:37,450 DEBUG [main] BigDecimalConverter:149 -     No conversion required, value is already a BigDecimal
2020-08-06 19:13:37,450 DEBUG [main] BigIntegerConverter:336 - Setting default value: 0
2020-08-06 19:13:37,451 DEBUG [main] BigIntegerConverter:127 - Converting 'BigInteger' value '0' to type 'BigInteger'
2020-08-06 19:13:37,451 DEBUG [main] BigIntegerConverter:149 -     No conversion required, value is already a BigInteger
2020-08-06 19:13:37,451 DEBUG [main] BooleanConverter:336 - Setting default value: false
2020-08-06 19:13:37,451 DEBUG [main] BooleanConverter:127 - Converting 'Boolean' value 'false' to type 'Boolean'
2020-08-06 19:13:37,452 DEBUG [main] BooleanConverter:149 -     No conversion required, value is already a Boolean
2020-08-06 19:13:37,452 DEBUG [main] ByteConverter:336 - Setting default value: 0
2020-08-06 19:13:37,452 DEBUG [main] ByteConverter:127 - Converting 'Integer' value '0' to type 'Byte'
2020-08-06 19:13:37,452 DEBUG [main] ByteConverter:158 -     Converted to Byte value '0'
2020-08-06 19:13:37,453 DEBUG [main] CharacterConverter:336 - Setting default value:  
2020-08-06 19:13:37,453 DEBUG [main] CharacterConverter:127 - Converting 'Character' value ' ' to type 'Character'
2020-08-06 19:13:37,453 DEBUG [main] CharacterConverter:149 -     No conversion required, value is already a Character
2020-08-06 19:13:37,454 DEBUG [main] DoubleConverter:336 - Setting default value: 0
2020-08-06 19:13:37,454 DEBUG [main] DoubleConverter:127 - Converting 'Integer' value '0' to type 'Double'
2020-08-06 19:13:37,454 DEBUG [main] DoubleConverter:158 -     Converted to Double value '0.0'
2020-08-06 19:13:37,454 DEBUG [main] FloatConverter:336 - Setting default value: 0
2020-08-06 19:13:37,454 DEBUG [main] FloatConverter:127 - Converting 'Integer' value '0' to type 'Float'
2020-08-06 19:13:37,455 DEBUG [main] FloatConverter:158 -     Converted to Float value '0.0'
2020-08-06 19:13:37,455 DEBUG [main] IntegerConverter:336 - Setting default value: 0
2020-08-06 19:13:37,455 DEBUG [main] IntegerConverter:127 - Converting 'Integer' value '0' to type 'Integer'
2020-08-06 19:13:37,455 DEBUG [main] IntegerConverter:149 -     No conversion required, value is already a Integer
2020-08-06 19:13:37,455 DEBUG [main] LongConverter:336 - Setting default value: 0
2020-08-06 19:13:37,456 DEBUG [main] LongConverter:127 - Converting 'Integer' value '0' to type 'Long'
2020-08-06 19:13:37,456 DEBUG [main] LongConverter:158 -     Converted to Long value '0'
2020-08-06 19:13:37,456 DEBUG [main] ShortConverter:336 - Setting default value: 0
2020-08-06 19:13:37,456 DEBUG [main] ShortConverter:127 - Converting 'Integer' value '0' to type 'Short'
2020-08-06 19:13:37,457 DEBUG [main] ShortConverter:158 -     Converted to Short value '0'
2020-08-06 19:13:37,458 DEBUG [main] StringConverter:336 - Setting default value: 
2020-08-06 19:13:37,458 DEBUG [main] StringConverter:127 - Converting 'String' value '' to type 'String'
2020-08-06 19:13:37,467 DEBUG [main] ArrayConverter:336 - Setting default value: [Z@1a02063a
2020-08-06 19:13:37,468 DEBUG [main] ArrayConverter:127 - Converting 'boolean[]' value '[Z@1a02063a' to type 'boolean[]'
2020-08-06 19:13:37,468 DEBUG [main] ArrayConverter:149 -     No conversion required, value is already a boolean[]
2020-08-06 19:13:37,468 DEBUG [main] ArrayConverter:336 - Setting default value: [B@601c953c
2020-08-06 19:13:37,468 DEBUG [main] ArrayConverter:127 - Converting 'byte[]' value '[B@601c953c' to type 'byte[]'
2020-08-06 19:13:37,468 DEBUG [main] ArrayConverter:149 -     No conversion required, value is already a byte[]
2020-08-06 19:13:37,469 DEBUG [main] ArrayConverter:336 - Setting default value: [C@561f982f
2020-08-06 19:13:37,469 DEBUG [main] ArrayConverter:127 - Converting 'char[]' value '[C@561f982f' to type 'char[]'
2020-08-06 19:13:37,469 DEBUG [main] ArrayConverter:149 -     No conversion required, value is already a char[]
2020-08-06 19:13:37,469 DEBUG [main] ArrayConverter:336 - Setting default value: [D@3ed79f41
2020-08-06 19:13:37,470 DEBUG [main] ArrayConverter:127 - Converting 'double[]' value '[D@3ed79f41' to type 'double[]'
2020-08-06 19:13:37,470 DEBUG [main] ArrayConverter:149 -     No conversion required, value is already a double[]
2020-08-06 19:13:37,470 DEBUG [main] ArrayConverter:336 - Setting default value: [F@559d9517
2020-08-06 19:13:37,470 DEBUG [main] ArrayConverter:127 - Converting 'float[]' value '[F@559d9517' to type 'float[]'
2020-08-06 19:13:37,471 DEBUG [main] ArrayConverter:149 -     No conversion required, value is already a float[]
2020-08-06 19:13:37,471 DEBUG [main] ArrayConverter:336 - Setting default value: [I@7d461450
2020-08-06 19:13:37,471 DEBUG [main] ArrayConverter:127 - Converting 'int[]' value '[I@7d461450' to type 'int[]'
2020-08-06 19:13:37,471 DEBUG [main] ArrayConverter:149 -     No conversion required, value is already a int[]
2020-08-06 19:13:37,471 DEBUG [main] ArrayConverter:336 - Setting default value: [J@75ee63f2
2020-08-06 19:13:37,472 DEBUG [main] ArrayConverter:127 - Converting 'long[]' value '[J@75ee63f2' to type 'long[]'
2020-08-06 19:13:37,472 DEBUG [main] ArrayConverter:149 -     No conversion required, value is already a long[]
2020-08-06 19:13:37,472 DEBUG [main] ArrayConverter:336 - Setting default value: [S@7e32f76b
2020-08-06 19:13:37,473 DEBUG [main] ArrayConverter:127 - Converting 'short[]' value '[S@7e32f76b' to type 'short[]'
2020-08-06 19:13:37,473 DEBUG [main] ArrayConverter:149 -     No conversion required, value is already a short[]
2020-08-06 19:13:37,473 DEBUG [main] ArrayConverter:336 - Setting default value: [Ljava.math.BigDecimal;@356c8c1b
2020-08-06 19:13:37,473 DEBUG [main] ArrayConverter:127 - Converting 'BigDecimal[]' value '[Ljava.math.BigDecimal;@356c8c1b' to type 'BigDecimal[]'
2020-08-06 19:13:37,473 DEBUG [main] ArrayConverter:149 -     No conversion required, value is already a BigDecimal[]
2020-08-06 19:13:37,474 DEBUG [main] ArrayConverter:336 - Setting default value: [Ljava.math.BigInteger;@39aa595
2020-08-06 19:13:37,474 DEBUG [main] ArrayConverter:127 - Converting 'BigInteger[]' value '[Ljava.math.BigInteger;@39aa595' to type 'BigInteger[]'
2020-08-06 19:13:37,474 DEBUG [main] ArrayConverter:149 -     No conversion required, value is already a BigInteger[]
2020-08-06 19:13:37,474 DEBUG [main] ArrayConverter:336 - Setting default value: [Ljava.lang.Boolean;@3d707885
2020-08-06 19:13:37,474 DEBUG [main] ArrayConverter:127 - Converting 'Boolean[]' value '[Ljava.lang.Boolean;@3d707885' to type 'Boolean[]'
2020-08-06 19:13:37,475 DEBUG [main] ArrayConverter:149 -     No conversion required, value is already a Boolean[]
2020-08-06 19:13:37,475 DEBUG [main] ArrayConverter:336 - Setting default value: [Ljava.lang.Byte;@55a4a0ab
2020-08-06 19:13:37,475 DEBUG [main] ArrayConverter:127 - Converting 'Byte[]' value '[Ljava.lang.Byte;@55a4a0ab' to type 'Byte[]'
2020-08-06 19:13:37,475 DEBUG [main] ArrayConverter:149 -     No conversion required, value is already a Byte[]
2020-08-06 19:13:37,476 DEBUG [main] ArrayConverter:336 - Setting default value: [Ljava.lang.Character;@6eec564c
2020-08-06 19:13:37,476 DEBUG [main] ArrayConverter:127 - Converting 'Character[]' value '[Ljava.lang.Character;@6eec564c' to type 'Character[]'
2020-08-06 19:13:37,476 DEBUG [main] ArrayConverter:149 -     No conversion required, value is already a Character[]
2020-08-06 19:13:37,476 DEBUG [main] ArrayConverter:336 - Setting default value: [Ljava.lang.Double;@3d805670
2020-08-06 19:13:37,477 DEBUG [main] ArrayConverter:127 - Converting 'Double[]' value '[Ljava.lang.Double;@3d805670' to type 'Double[]'
2020-08-06 19:13:37,477 DEBUG [main] ArrayConverter:149 -     No conversion required, value is already a Double[]
2020-08-06 19:13:37,477 DEBUG [main] ArrayConverter:336 - Setting default value: [Ljava.lang.Float;@54950027
2020-08-06 19:13:37,477 DEBUG [main] ArrayConverter:127 - Converting 'Float[]' value '[Ljava.lang.Float;@54950027' to type 'Float[]'
2020-08-06 19:13:37,477 DEBUG [main] ArrayConverter:149 -     No conversion required, value is already a Float[]
2020-08-06 19:13:37,478 DEBUG [main] ArrayConverter:336 - Setting default value: [Ljava.lang.Integer;@2eb95662
2020-08-06 19:13:37,478 DEBUG [main] ArrayConverter:127 - Converting 'Integer[]' value '[Ljava.lang.Integer;@2eb95662' to type 'Integer[]'
2020-08-06 19:13:37,478 DEBUG [main] ArrayConverter:149 -     No conversion required, value is already a Integer[]
2020-08-06 19:13:37,478 DEBUG [main] ArrayConverter:336 - Setting default value: [Ljava.lang.Long;@31efe094
2020-08-06 19:13:37,478 DEBUG [main] ArrayConverter:127 - Converting 'Long[]' value '[Ljava.lang.Long;@31efe094' to type 'Long[]'
2020-08-06 19:13:37,479 DEBUG [main] ArrayConverter:149 -     No conversion required, value is already a Long[]
2020-08-06 19:13:37,479 DEBUG [main] ArrayConverter:336 - Setting default value: [Ljava.lang.Short;@6987a0f3
2020-08-06 19:13:37,479 DEBUG [main] ArrayConverter:127 - Converting 'Short[]' value '[Ljava.lang.Short;@6987a0f3' to type 'Short[]'
2020-08-06 19:13:37,479 DEBUG [main] ArrayConverter:149 -     No conversion required, value is already a Short[]
2020-08-06 19:13:37,480 DEBUG [main] ArrayConverter:336 - Setting default value: [Ljava.lang.String;@50fbb66a
2020-08-06 19:13:37,480 DEBUG [main] ArrayConverter:127 - Converting 'String[]' value '[Ljava.lang.String;@50fbb66a' to type 'String[]'
2020-08-06 19:13:37,480 DEBUG [main] ArrayConverter:149 -     No conversion required, value is already a String[]
2020-08-06 19:13:37,480 DEBUG [main] ArrayConverter:336 - Setting default value: [Ljava.lang.Class;@466fb9be
2020-08-06 19:13:37,480 DEBUG [main] ArrayConverter:127 - Converting 'Class[]' value '[Ljava.lang.Class;@466fb9be' to type 'Class[]'
2020-08-06 19:13:37,481 DEBUG [main] ArrayConverter:149 -     No conversion required, value is already a Class[]
2020-08-06 19:13:37,481 DEBUG [main] ArrayConverter:336 - Setting default value: [Ljava.util.Date;@282c3aa0
2020-08-06 19:13:37,481 DEBUG [main] ArrayConverter:127 - Converting 'Date[]' value '[Ljava.util.Date;@282c3aa0' to type 'Date[]'
2020-08-06 19:13:37,481 DEBUG [main] ArrayConverter:149 -     No conversion required, value is already a Date[]
2020-08-06 19:13:37,482 DEBUG [main] ArrayConverter:336 - Setting default value: [Ljava.util.Calendar;@6f0124b5
2020-08-06 19:13:37,482 DEBUG [main] ArrayConverter:127 - Converting 'Calendar[]' value '[Ljava.util.Calendar;@6f0124b5' to type 'Calendar[]'
2020-08-06 19:13:37,482 DEBUG [main] ArrayConverter:149 -     No conversion required, value is already a Calendar[]
2020-08-06 19:13:37,482 DEBUG [main] ArrayConverter:336 - Setting default value: [Ljava.io.File;@1d280bab
2020-08-06 19:13:37,483 DEBUG [main] ArrayConverter:127 - Converting 'java.io.File[]' value '[Ljava.io.File;@1d280bab' to type 'java.io.File[]'
2020-08-06 19:13:37,483 DEBUG [main] ArrayConverter:149 -     No conversion required, value is already a java.io.File[]
2020-08-06 19:13:37,483 DEBUG [main] ArrayConverter:336 - Setting default value: [Ljava.sql.Date;@12639753
2020-08-06 19:13:37,483 DEBUG [main] ArrayConverter:127 - Converting 'java.sql.Date[]' value '[Ljava.sql.Date;@12639753' to type 'java.sql.Date[]'
2020-08-06 19:13:37,484 DEBUG [main] ArrayConverter:149 -     No conversion required, value is already a java.sql.Date[]
2020-08-06 19:13:37,484 DEBUG [main] ArrayConverter:336 - Setting default value: [Ljava.sql.Time;@5dd47c88
2020-08-06 19:13:37,484 DEBUG [main] ArrayConverter:127 - Converting 'java.sql.Time[]' value '[Ljava.sql.Time;@5dd47c88' to type 'java.sql.Time[]'
2020-08-06 19:13:37,484 DEBUG [main] ArrayConverter:149 -     No conversion required, value is already a java.sql.Time[]
2020-08-06 19:13:37,484 DEBUG [main] ArrayConverter:336 - Setting default value: [Ljava.sql.Timestamp;@2e50ca51
2020-08-06 19:13:37,485 DEBUG [main] ArrayConverter:127 - Converting 'java.sql.Timestamp[]' value '[Ljava.sql.Timestamp;@2e50ca51' to type 'java.sql.Timestamp[]'
2020-08-06 19:13:37,485 DEBUG [main] ArrayConverter:149 -     No conversion required, value is already a java.sql.Timestamp[]
2020-08-06 19:13:37,485 DEBUG [main] ArrayConverter:336 - Setting default value: [Ljava.net.URL;@3253d771
2020-08-06 19:13:37,485 DEBUG [main] ArrayConverter:127 - Converting 'java.net.URL[]' value '[Ljava.net.URL;@3253d771' to type 'java.net.URL[]'
2020-08-06 19:13:37,485 DEBUG [main] ArrayConverter:149 -     No conversion required, value is already a java.net.URL[]
2020-08-06 19:13:39,058  INFO [main] SharedSD:34 - Cleanup...!
2020-08-06 19:13:39,058  INFO [main] SharedSD:35 - Test was completed
2020-08-06 19:13:39,059  INFO [main] SharedSD:37 - *******************
2020-08-10 13:18:53,789  INFO [main] SharedSD:20 - ***************************
2020-08-10 13:18:53,794  INFO [main] SharedSD:21 - Test is starting.......!
2020-08-10 13:19:05,088  INFO [main] SharedSD:34 - Cleanup...!
2020-08-10 13:19:05,089  INFO [main] SharedSD:35 - Test was completed
2020-08-10 13:19:05,089  INFO [main] SharedSD:37 - *******************
2020-08-10 13:33:16,632  INFO [main] SharedSD:20 - ***************************
2020-08-10 13:33:16,638  INFO [main] SharedSD:21 - Test is starting.......!
2020-08-10 13:33:19,705 ERROR [main] SharedSD:29 - Test Failed
2020-08-10 13:33:20,733  INFO [main] SharedSD:37 - *******************
2020-08-10 13:33:20,815  INFO [main] SharedSD:20 - ***************************
2020-08-10 13:33:20,815  INFO [main] SharedSD:21 - Test is starting.......!
2020-08-10 13:33:22,064 ERROR [main] SharedSD:29 - Test Failed
2020-08-10 13:33:23,097  INFO [main] SharedSD:37 - *******************
2020-08-10 13:33:23,186  INFO [main] SharedSD:20 - ***************************
2020-08-10 13:33:23,186  INFO [main] SharedSD:21 - Test is starting.......!
2020-08-10 13:33:24,183 ERROR [main] SharedSD:29 - Test Failed
2020-08-10 13:33:25,157  INFO [main] SharedSD:37 - *******************
2020-08-10 13:35:16,814  INFO [main] SharedSD:20 - ***************************
2020-08-10 13:35:16,818  INFO [main] SharedSD:21 - Test is starting.......!
2020-08-10 13:36:05,861 ERROR [main] SharedSD:29 - Test Failed
2020-08-10 13:36:06,747  INFO [main] SharedSD:37 - *******************
2020-08-10 13:36:06,847  INFO [main] SharedSD:20 - ***************************
2020-08-10 13:36:06,847  INFO [main] SharedSD:21 - Test is starting.......!
2020-08-10 13:36:54,871 ERROR [main] SharedSD:29 - Test Failed
2020-08-10 13:36:55,630  INFO [main] SharedSD:37 - *******************
2020-08-10 13:36:55,727  INFO [main] SharedSD:20 - ***************************
2020-08-10 13:36:55,727  INFO [main] SharedSD:21 - Test is starting.......!
2020-08-10 13:37:42,825 ERROR [main] SharedSD:29 - Test Failed
2020-08-10 13:37:43,733  INFO [main] SharedSD:37 - *******************
2020-08-10 13:49:42,556  INFO [main] SharedSD:20 - ***************************
2020-08-10 13:49:42,560  INFO [main] SharedSD:21 - Test is starting.......!
2020-08-10 13:49:51,418 ERROR [main] SharedSD:29 - Test Failed
2020-08-10 13:49:52,211  INFO [main] SharedSD:37 - *******************
2020-08-10 13:49:52,309  INFO [main] SharedSD:20 - ***************************
2020-08-10 13:49:52,309  INFO [main] SharedSD:21 - Test is starting.......!
2020-08-10 13:49:59,600 ERROR [main] SharedSD:29 - Test Failed
2020-08-10 13:50:00,369  INFO [main] SharedSD:37 - *******************
2020-08-10 13:50:00,466  INFO [main] SharedSD:20 - ***************************
2020-08-10 13:50:00,466  INFO [main] SharedSD:21 - Test is starting.......!
2020-08-10 13:50:08,141 ERROR [main] SharedSD:29 - Test Failed
2020-08-10 13:50:08,925 DEBUG [Finalizer] PoolingHttpClientConnectionManager:408 - Connection manager is shutting down
2020-08-10 13:50:08,925 DEBUG [Finalizer] PoolingHttpClientConnectionManager:414 - Connection manager shut down
2020-08-10 13:50:08,928  INFO [main] SharedSD:37 - *******************
2020-08-10 13:56:05,263  INFO [main] SharedSD:20 - ***************************
2020-08-10 13:56:05,267  INFO [main] SharedSD:21 - Test is starting.......!
2020-08-10 13:56:14,421  INFO [main] SharedSD:34 - Cleanup...!
2020-08-10 13:56:14,422  INFO [main] SharedSD:35 - Test was completed
2020-08-10 13:56:14,423  INFO [main] SharedSD:37 - *******************
2020-08-10 13:56:14,539  INFO [main] SharedSD:20 - ***************************
2020-08-10 13:56:14,540  INFO [main] SharedSD:21 - Test is starting.......!
2020-08-10 13:56:22,405  INFO [main] SharedSD:34 - Cleanup...!
2020-08-10 13:56:22,407  INFO [main] SharedSD:35 - Test was completed
2020-08-10 13:56:22,408  INFO [main] SharedSD:37 - *******************
2020-08-10 13:56:22,515  INFO [main] SharedSD:20 - ***************************
2020-08-10 13:56:22,516  INFO [main] SharedSD:21 - Test is starting.......!
2020-08-10 13:56:30,430 ERROR [main] SharedSD:29 - Test Failed
2020-08-10 13:56:31,247  INFO [main] SharedSD:37 - *******************
2020-08-10 14:45:22,595  INFO [main] SharedSD:20 - ***************************
2020-08-10 14:45:22,600  INFO [main] SharedSD:21 - Test is starting.......!
2020-08-10 14:45:33,642  INFO [main] SharedSD:34 - Cleanup...!
2020-08-10 14:45:33,642  INFO [main] SharedSD:35 - Test was completed
2020-08-10 14:45:33,643  INFO [main] SharedSD:37 - *******************
2020-08-10 14:45:33,759  INFO [main] SharedSD:20 - ***************************
2020-08-10 14:45:33,759  INFO [main] SharedSD:21 - Test is starting.......!
2020-08-10 14:45:40,908  INFO [main] SharedSD:34 - Cleanup...!
2020-08-10 14:45:40,908  INFO [main] SharedSD:35 - Test was completed
2020-08-10 14:45:40,910  INFO [main] SharedSD:37 - *******************
2020-08-10 14:45:41,010  INFO [main] SharedSD:20 - ***************************
2020-08-10 14:45:41,010  INFO [main] SharedSD:21 - Test is starting.......!
2020-08-10 14:46:02,275 ERROR [main] SharedSD:29 - Test Failed
2020-08-10 14:46:03,144  INFO [main] SharedSD:37 - *******************
2020-08-10 14:46:03,241  INFO [main] SharedSD:20 - ***************************
2020-08-10 14:46:03,242  INFO [main] SharedSD:21 - Test is starting.......!
2020-08-10 14:46:10,517 ERROR [main] SharedSD:29 - Test Failed
2020-08-10 14:46:11,291  INFO [main] SharedSD:37 - *******************
2020-08-10 14:46:11,400 DEBUG [Finalizer] PoolingHttpClientConnectionManager:408 - Connection manager is shutting down
2020-08-10 14:46:11,401 DEBUG [Finalizer] PoolingHttpClientConnectionManager:414 - Connection manager shut down
2020-08-10 14:46:11,401 DEBUG [Finalizer] PoolingHttpClientConnectionManager:408 - Connection manager is shutting down
2020-08-10 14:46:11,401 DEBUG [Finalizer] PoolingHttpClientConnectionManager:414 - Connection manager shut down
